<?xml version="1.0" encoding="UTF-8"?>
<testng-results ignored="0" total="1" passed="1" failed="0" skipped="0">
  <reporter-output>
  </reporter-output>
  <suite started-at="2025-12-17T12:28:31 IST" name="Default suite" finished-at="2025-12-17T12:28:43 IST" duration-ms="11913">
    <groups>
    </groups>
    <test started-at="2025-12-17T12:28:31 IST" name="Default test" finished-at="2025-12-17T12:28:43 IST" duration-ms="11913">
      <class name="tests.AddEmployeeTest">
        <test-method is-config="true" signature="setUpTest()[pri:0, instance:tests.AddEmployeeTest@41d477ed]" started-at="2025-12-17T12:28:31 IST" name="setUpTest" finished-at="2025-12-17T12:28:35 IST" duration-ms="4709" status="PASS">
          <reporter-output>
          </reporter-output>
        </test-method> <!-- setUpTest -->
        <test-method signature="addEmployeeUsingExcel()[pri:0, instance:tests.AddEmployeeTest@41d477ed]" started-at="2025-12-17T12:28:35 IST" name="addEmployeeUsingExcel" finished-at="2025-12-17T12:28:42 IST" duration-ms="7058" status="PASS">
          <reporter-output>
          </reporter-output>
        </test-method> <!-- addEmployeeUsingExcel -->
        <test-method is-config="true" signature="tearDownTest()[pri:0, instance:tests.AddEmployeeTest@41d477ed]" started-at="2025-12-17T12:28:42 IST" name="tearDownTest" finished-at="2025-12-17T12:28:43 IST" duration-ms="119" status="PASS">
          <reporter-output>
          </reporter-output>
        </test-method> <!-- tearDownTest -->
      </class> <!-- tests.AddEmployeeTest -->
    </test> <!-- Default test -->
  </suite> <!-- Default suite -->
</testng-results>
